
 Your sequence data file:
 testinput/outfile.aln                                                           
 is in   Fasta format.

 The data consist of    9  Protein   sequences.


  TestAlign.msf    MSF:   175   Type: P    Check:   3679    ..


  Name: BAA01568       Len:  175   Check:    1   Weight:  1.0000
  Name: AAA66029       Len:  175   Check:    2   Weight:  1.0000
  Name: CAA35909       Len:  175   Check:    3   Weight:  1.0000
  Name: BAF30486       Len:  175   Check:    4   Weight:  1.0000
  Name: CAA48457       Len:  175   Check:    5   Weight:  1.0000
  Name: CAA53921       Len:  175   Check:    6   Weight:  1.0000
  Name: CAA37567       Len:  175   Check:    7   Weight:  1.0000
  Name: CAA11159       Len:  175   Check:    8   Weight:  1.0000
  Name: BAB20041       Len:  175   Check:    9   Weight:  1.0000

//

                1                                                    50
BAA01568      mrtlwi---- -mavll---- -vg------- --vk---ghl mqfenmikkv
AAA66029      mnpahl---l ilaavc---- -vsplgassn rpmp---lnl yqfknmvqct
CAA35909      mkvlll---- -lavvimafg siq------- --vq---gsl lefgqmilfk
BAF30486      mnvsgpllml lltact---- -vs------- --veksarsg rqfrymincv
CAA48457      mrtlwi---- -vavcl---- -ig------- --ve---gnl fqfgemilek
CAA53921      mrtlwi---- -mavll---- -vg------- --ve---gdl wqfgqmilke
CAA37567      mrtlwi---- -vavcl---- -ig------- --ve---gsl lefgmmilge
CAA11159      mralwi---- -vavll---- -vg------- --ve---gsl felgkmiwqe
BAB20041      mnvsgpllml lltact---- -vs------- --gerrarai wqfgdmiecv

               51                                                   100
BAA01568      tgrsgiwwyg sygcycgkgg egrpqdpsdr ccfvhdccyg kv---t--gc
AAA66029      vpnrswwdfa dygcycgrgg sgtpvddldr ccqvhdncyg eaekis--rc
CAA35909      tgkradvsyg fygchcgvgg rgspkdatdw ccvthdccyn rl---ekrgc
BAF30486      qpdvtalmyn nygchcglgg kgtpvddldr cckvhddcyk asmksp--ec
CAA48457      tgkevvhsya iygcycgwgg qgraqdatdr ccfvhdccyg tv---n--dc
CAA53921      tgklpfpyyt tygcycgwgg qgqpkdatdr ccfvhdccyg kl---t--nc
CAA37567      tgknpltsys fygcycgvgg kgtpkdatdr ccfvhdccyg nl---p--dc
CAA11159      tgknpvknyg lygcncgvgg rgepldatdr ccfvhkccyk kl---t--dc
BAB20041      qpgvdpinyn nygcycglgg kgtpvddldr cckvhddcyg aqmeip--ec

              101                                                   150
BAA01568      d--------p kddfyiysse ngdivcgd-d dlckkevcec dkaaaicfrd
AAA66029      w--------p yfktysyecs qgtltckggn nacaaavcdc drlaaicfag
CAA35909      g--------t kfltykfsyr ggqiscstnq dscrkqlcqc dkaaaecfar
BAF30486      sgffrfllep ksihywytcs arrvtcsatn nkckaaacec draaahcfaq
CAA48457      n--------p ktatysysfe ngdivcgd-n dlclrtvcec draaaiclgq
CAA53921      k--------p ktdrysysre ngviicge-g tpcekqicec dkaaavcfre
CAA37567      s--------p ktdrykyhre ngaivcgk-g tscenricec draaaicfrk
CAA11159      d--------s kkdrysykwk nkaivcgk-n qpcmqemcec dkafaiclre
BAB20041      sgffd---kp yfiiydytcs erkvtcsatn nkcqkaacec draaahcfar

              151                                                   175
BAA01568      nmdtyq-nky wfypasncke esepc
AAA66029      a--pyndnny nidlkarcq- -----
CAA35909      nkksys-lky qfylnkfckg ktpsc
BAF30486      a--kyn-peh khvdqklcek -----
CAA48457      nvntyd-kny eyysishcte eseqc
CAA53921      nlrtyk-kry maypdvlckk paekc
CAA37567      nlktyn-yiy rnypdflckk esekc
CAA11159      nldtyn-ksf ryhlkpsckk tseqc
BAB20041      v--kyn-peh knldqklcek -----
 


 Output file names will all begin with the string: pa2                     

 Title: PA2                                                                   

 Group Number   1,     Name: one                           ,   Members =   2
     Sequence: BAA01568       
     Sequence: CAA48457       

 Group Number   2,     Name: two                           ,   Members =   3
     Sequence: CAA53921       
     Sequence: CAA37567       
     Sequence: CAA11159       

 Group Number   3,     Name: three                         ,   Members =   4
     Sequence: CAA35909       
     Sequence: AAA66029       
     Sequence: BAF30486       
     Sequence: BAB20041       

 Mapping of positions used in the analysis (alignment columns without Gaps)
 to the original complete alignment.

 WithOutGaps:     1    2    3    4    5    6    7    8    9   10   11   12
 OriginalPos:     1    2    3    4    5    6   12   13   14   15   16   22

 WithOutGaps:    13   14   15   16   17   18   19   20   21   22   23   24
 OriginalPos:    23   33   34   38   39   40   41   42   43   44   45   46

 WithOutGaps:    25   26   27   28   29   30   31   32   33   34   35   36
 OriginalPos:    47   48   49   50   51   52   53   54   55   56   57   58

 WithOutGaps:    37   38   39   40   41   42   43   44   45   46   47   48
 OriginalPos:    59   60   61   62   63   64   65   66   67   68   69   70

 WithOutGaps:    49   50   51   52   53   54   55   56   57   58   59   60
 OriginalPos:    71   72   73   74   75   76   77   78   79   80   81   82

 WithOutGaps:    61   62   63   64   65   66   67   68   69   70   71   72
 OriginalPos:    83   84   85   86   87   88   89   90   91   92   96   99

 WithOutGaps:    73   74   75   76   77   78   79   80   81   82   83   84
 OriginalPos:   100  101  110  111  112  113  114  115  116  117  118  119

 WithOutGaps:    85   86   87   88   89   90   91   92   93   94   95   96
 OriginalPos:   120  121  122  123  124  125  126  127  128  130  131  132

 WithOutGaps:    97   98   99  100  101  102  103  104  105  106  107  108
 OriginalPos:   133  134  135  136  137  138  139  140  141  142  143  144

 WithOutGaps:   109  110  111  112  113  114  115  116  117  118  119  120
 OriginalPos:   145  146  147  148  149  150  151  154  155  156  158  159

 WithOutGaps:   121  122  123  124  125  126  127  128  129  130
 OriginalPos:   160  161  162  163  164  165  166  167  168  169

 Qij matrix -  Maximum = 0.7507,   Minimum = 0.0004,   Average= 0.0502

 Bits:(1.20)
 MatDef:Dayhoff PAM 120 Transiton Frequency Matrix: Entropy = 1.2017
   a   r   n   d   c   q   e   g   h   i   l   k   m   f   p   s   t   w   y   v 
 .266.033.073.073.033.058.083.111.034.058.036.038.046.022.112.128.130.009.021.086
 .015.380.025.013.010.052.015.008.055.019.012.097.030.010.029.030.020.054.005.012
 .034.026.163.093.008.037.053.037.070.018.010.053.014.011.024.057.044.009.020.015
 .042.015.108.258.005.060.155.043.041.015.007.033.010.005.022.042.032.003.008.016
 .012.009.006.003.726.003.003.004.009.011.003.003.004.004.012.027.013.002.024.015
 .024.047.035.049.004.260.089.015.093.013.019.038.023.005.035.022.020.005.006.013
 .049.019.064.163.005.116.269.037.039.021.013.034.016.005.030.036.030.003.009.021
 .112.023.078.079.020.039.065.490.025.022.017.031.021.013.047.108.058.006.009.043
 .013.045.060.030.009.080.025.008.370.008.010.020.008.016.023.017.014.011.026.009
 .022.015.017.012.015.013.014.008.009.261.055.016.060.039.010.016.034.004.015.119
 .031.020.025.013.007.041.018.015.034.134.560.026.218.097.028.021.035.035.033.108
 .035.188.103.060.008.077.057.028.046.034.020.453.092.009.037.060.067.014.013.023
 .008.009.005.003.002.010.004.003.004.025.039.018.233.009.004.007.011.002.003.022
 .011.009.012.004.006.005.004.009.018.044.045.005.031.551.004.014.012.028.181.014
 .066.037.029.023.014.047.030.028.037.018.019.024.017.011.431.060.041.005.006.023
 .102.055.096.060.058.041.051.083.035.031.018.053.031.021.085.209.122.029.020.035
 .089.030.063.040.020.031.034.038.022.055.023.049.039.016.049.103.259.007.018.055
 .001.013.001.000.001.001.000.001.001.001.001.002.001.009.001.005.001.751.009.000
 .009.004.016.006.024.005.007.004.026.014.013.003.007.136.003.010.010.019.540.010
 .061.021.023.019.026.024.023.028.023.206.079.020.093.026.030.032.060.005.019.362
   a   r   n   d   c   q   e   g   h   i   l   k   m   f   p   s   t   w   y   v 
 QSum( a ) =   1.0029
 QSum( r ) =   0.9962
 QSum( n ) =   1.0024
 QSum( d ) =   1.0013
 QSum( c ) =   1.0002
 QSum( q ) =   1.0011
 QSum( e ) =   1.0014
 QSum( g ) =   1.0013
 QSum( h ) =   0.9931
 QSum( i ) =   1.0080
 QSum( l ) =   1.0010
 QSum( k ) =   1.0164
 QSum( m ) =   0.9968
 QSum( f ) =   1.0164
 QSum( p ) =   1.0168
 QSum( s ) =   1.0033
 QSum( t ) =   1.0144
 QSum( w ) =   1.0000
 QSum( y ) =   0.9851
 QSum( v ) =   1.0021
//           Group: one                           
// Master Sequence: BAA01568       
// Average Family Entropy =   1.601,  Standard Deviation =   1.368
//  Average Group Entropy =   1.255,  Standard Deviation =   1.205
//           Group: two                           
// Master Sequence: CAA53921       
// Average Family Entropy =   1.601,  Standard Deviation =   1.368
//  Average Group Entropy =   1.335,  Standard Deviation =   1.309
//           Group: three                         
// Master Sequence: CAA35909       
// Average Family Entropy =   1.601,  Standard Deviation =   1.368
//  Average Group Entropy =   1.950,  Standard Deviation =   2.078
