
 PA2                                                                   

 Group:    1 ... one                           

 Field 1: Entropy for all aligned sequences
 Field 2: Cross Entropy for group (total) alignment
 Field 3: Cross Entropy component for group ( p(i))
 Field 4: Cross Entropy component for not-group (q(i))
 Fields 5 -> 14: Total cross entropy for the group with a sequence
                 removed from the group

    208.086 ..   1701.326   778.821   922.505 ...      0.000   475.592

 Field 1: Best possible score for all sequences
 Field 2: Best possible score for group alignment
 Fields 3 -> 12: Cross validation score for the sequence against the group

    405.515 ..    230.031 ...      0.000   161.826

 Field 1: Alignment Position or Index
 Field 2: Entropy at Position for all sequences
 Field 3: Consensus Sequence for the entire alignment
 Field 4: Consensus Sequence for the group alignment
 Field 5: Cross Entropy at Position for group (total)
 Field 6: Cross Entropy at Position for group ( p(i))
 Field 7: Cross Entropy at Position for not-group (q(i))
 Fields 8 -> 17: Total cross entropy for the group at the position a
                 sequence removed from the group

      1     3.221 m  w     0.311     0.159     0.152     0.000     0.000
      2     1.160 r  w     1.051     0.427     0.624     0.000     0.000
      3     0.673 t  t     1.250     0.577     0.673     0.000     0.000
      4     0.922 l  l     1.025     0.402     0.622     0.000     0.000
      5     2.293 w  w     2.313     0.839     1.474     0.000     0.000
      6     0.903 i  i     1.198     0.470     0.728     0.000     0.000
     12     1.134 m  k     0.770     0.348     0.422     0.000     0.000
     13     1.227 a  g     0.262     0.111     0.151     0.000     0.000
     14     1.255 v  i     0.639     0.271     0.368     0.000     0.000
     15     1.872 c  f     0.363     0.150     0.213     0.000     0.000
     16     0.905 c  l     1.697     0.607     1.090     0.000     0.000
     22     1.478 v  f     0.172     0.085     0.087     0.000     0.000
     23     1.037 g  g     0.930     0.412     0.519     0.000     0.000
     33     1.174 v  c     0.377     0.153     0.224     0.000     0.000
     34     0.858 e  k     1.216     0.696     0.520     0.000     0.000
     38     1.087 g  g     1.433     0.468     0.965     0.000     0.000
     39     0.526 h  h     1.822     1.035     0.787     0.000     0.000
     40     1.233 l  l     0.453     0.174     0.278     0.000     0.000
     41     1.201 w  m     2.653     1.095     1.558     0.000     0.000
     42     1.548 q  r     0.476     0.206     0.270     0.000     0.000
     43     2.545 f  w     0.124     0.056     0.068     0.000     0.000
     44     1.012 g  e     1.291     0.693     0.598     0.000     0.000
     45     0.386 q  e     1.250     0.553     0.697     0.000     0.000
     46     3.221 m  w     0.311     0.159     0.152     0.000     0.000
     47     1.610 i  f     0.041     0.021     0.021     0.000     0.000
     48     0.583 w  k     1.898     0.800     1.098     0.000     0.000
     49     1.053 c  e     4.025     1.347     2.678     0.000     0.000
     50     0.523 v  k     1.049     0.433     0.616     0.000     0.000
     51     0.883 t  t     0.738     0.281     0.457     0.000     0.000
     52     1.603 g  f     1.222     0.406     0.816     0.000     0.000
     53     0.862 k  w     1.168     0.616     0.551     0.000     0.000
     54     0.233 r  e     2.521     1.211     1.310     0.000     0.000
     55     0.463 p  v     2.630     1.337     1.292     0.000     0.000
     56     0.385 w  i     2.502     1.041     1.462     0.000     0.000
     57     0.679 w  h     3.094     1.604     1.490     0.000     0.000
     58     0.465 w  w     3.907     2.685     1.222     0.000     0.000
     59     3.016 y  c     0.052     0.025     0.027     0.000     0.000
     60     0.618 g  a     0.476     0.218     0.258     0.000     0.000
     61     0.285 f  i     1.932     0.974     0.958     0.000     0.000
     62     3.689 y  r     0.140     0.074     0.066     0.000     0.000
     63     2.564 g  a     0.165     0.087     0.078     0.000     0.000
     64     4.933 c  a     0.075     0.040     0.035     0.000     0.000
     65     2.009 y  f     1.121     0.441     0.681     0.000     0.000
     66     4.933 c  a     0.075     0.040     0.035     0.000     0.000
     67     2.564 g  a     0.165     0.087     0.078     0.000     0.000
     68     0.957 w  k     3.174     1.378     1.796     0.000     0.000
     69     2.564 g  a     0.165     0.087     0.078     0.000     0.000
     70     2.564 g  a     0.165     0.087     0.078     0.000     0.000
     71     0.720 k  e     2.160     1.052     1.108     0.000     0.000
     72     2.564 g  a     0.165     0.087     0.078     0.000     0.000
     73     0.500 t  r     4.425     2.613     1.812     0.000     0.000
     74     1.973 p  a     1.512     0.796     0.716     0.000     0.000
     75     0.628 k  q     4.342     2.437     1.905     0.000     0.000
     76     2.449 d  a     0.295     0.151     0.144     0.000     0.000
     77     0.836 a  p     1.768     0.909     0.859     0.000     0.000
     78     0.803 t  s     1.920     0.797     1.123     0.000     0.000
     79     2.449 d  a     0.295     0.151     0.144     0.000     0.000
     80     2.135 r  k     0.497     0.163     0.334     0.000     0.000
     81     4.933 c  a     0.075     0.040     0.035     0.000     0.000
     82     4.933 c  a     0.075     0.040     0.035     0.000     0.000
     83     1.137 f  f     2.079     0.763     1.316     0.000     0.000
     84     1.577 v  i     0.126     0.055     0.071     0.000     0.000
     85     3.591 h  a     0.223     0.116     0.107     0.000     0.000
     86     1.622 d  e     0.176     0.077     0.099     0.000     0.000
     87     2.621 c  c     1.609     0.517     1.092     0.000     0.000
     88     4.933 c  a     0.075     0.040     0.035     0.000     0.000
     89     3.689 y  r     0.140     0.074     0.066     0.000     0.000
     90     1.212 g  g     0.939     0.359     0.580     0.000     0.000
     91     0.486 k  t     0.766     0.406     0.360     0.000     0.000
     92     0.525 l  v     3.019     1.704     1.315     0.000     0.000
     96     0.595 p  n     1.286     0.568     0.718     0.000     0.000
     99     0.644 d  g     0.673     0.304     0.369     0.000     0.000
    100     4.933 c  a     0.075     0.040     0.035     0.000     0.000
    101     0.560 w  n     1.859     0.714     1.145     0.000     0.000
    110     1.459 p  p     0.237     0.106     0.130     0.000     0.000
    111     1.747 k  r     1.592     0.380     1.213     0.000     0.000
    112     0.607 f  d     2.713     1.105     1.608     0.000     0.000
    113     0.388 d  a     1.485     0.673     0.812     0.000     0.000
    114     0.543 r  f     3.052     1.613     1.439     0.000     0.000
    115     3.689 y  r     0.140     0.074     0.066     0.000     0.000
    116     0.523 w  i     2.303     1.142     1.161     0.000     0.000
    117     3.016 y  c     0.052     0.025     0.027     0.000     0.000
    118     0.487 h  s     1.006     0.484     0.522     0.000     0.000
    119     1.421 c  f     4.363     1.883     2.480     0.000     0.000
    120     0.570 e  e     1.566     0.717     0.849     0.000     0.000
    121     0.586 n  n     0.674     0.331     0.343     0.000     0.000
    122     1.216 g  g     1.421     0.460     0.961     0.000     0.000
    123     0.283 d  d     3.125     1.815     1.310     0.000     0.000
    124     1.148 i  i     0.249     0.121     0.128     0.000     0.000
    125     0.692 v  v     1.243     0.579     0.664     0.000     0.000
    126     4.933 c  a     0.075     0.040     0.035     0.000     0.000
    127     1.050 g  g     0.958     0.425     0.532     0.000     0.000
    128     0.452 k  d     2.364     1.376     0.988     0.000     0.000
    130     0.771 n  d     0.811     0.419     0.392     0.000     0.000
    131     0.671 n  d     1.458     0.753     0.706     0.000     0.000
    132     0.423 p  l     6.070     3.488     2.582     0.000     0.000
    133     4.933 c  a     0.075     0.040     0.035     0.000     0.000
    134     0.337 k  l     1.842     0.964     0.878     0.000     0.000
    135     0.683 k  r     1.205     0.651     0.554     0.000     0.000
    136     0.457 q  t     1.111     0.547     0.565     0.000     0.000
    137     0.590 v  v     1.196     0.638     0.557     0.000     0.000
    138     4.933 c  a     0.075     0.040     0.035     0.000     0.000
    139     1.220 e  e     0.102     0.048     0.054     0.000     0.000
    140     4.933 c  a     0.075     0.040     0.035     0.000     0.000
    141     2.449 d  a     0.295     0.151     0.144     0.000     0.000
    142     1.741 r  d     0.105     0.053     0.052     0.000     0.000
    143     1.215 a  g     0.294     0.116     0.179     0.000     0.000
    144     1.273 a  e     0.460     0.153     0.307     0.000     0.000
    145     2.032 a  r     0.290     0.149     0.141     0.000     0.000
    146     0.785 h  i     1.367     0.494     0.873     0.000     0.000
    147     4.933 c  a     0.075     0.040     0.035     0.000     0.000
    148     2.261 f  m     0.629     0.322     0.308     0.000     0.000
    149     0.886 r  g     1.424     0.728     0.696     0.000     0.000
    150     0.564 q  d     1.090     0.522     0.568     0.000     0.000
    151     0.815 n  h     0.615     0.257     0.358     0.000     0.000
    154     0.747 t  t     0.796     0.362     0.434     0.000     0.000
    155     3.689 y  r     0.140     0.074     0.066     0.000     0.000
    156     0.632 n  q     1.958     1.012     0.946     0.000     0.000
    158     0.526 k  n     1.353     0.531     0.822     0.000     0.000
    159     0.358 k  k     0.724     0.347     0.377     0.000     0.000
    160     2.222 y  y     0.799     0.313     0.486     0.000     0.000
    161     0.628 w  w     4.624     2.914     1.710     0.000     0.000
    162     0.703 y  y     2.057     0.956     1.102     0.000     0.000
    163     1.225 y  y     1.617     0.700     0.917     0.000     0.000
    164     0.592 p  s     2.196     0.908     1.288     0.000     0.000
    165     0.402 q  i     3.301     1.696     1.605     0.000     0.000
    166     0.378 k  s     2.525     1.342     1.183     0.000     0.000
    167     0.491 h  h     4.034     2.030     2.003     0.000     0.000
    168     4.933 c  a     0.075     0.040     0.035     0.000     0.000
    169     0.886 k  t     1.249     0.636     0.612     0.000     0.000
