
 PA2                                                                   

 Group:    3 ... three                         

 Field 1: Entropy for all aligned sequences
 Field 2: Cross Entropy for group (total) alignment
 Field 3: Cross Entropy component for group ( p(i))
 Field 4: Cross Entropy component for not-group (q(i))
 Fields 5 -> 14: Total cross entropy for the group with a sequence
                 removed from the group

    208.086 ..   2647.501  1439.175  1208.326 ...      0.000   475.592   631.236   410.330

 Field 1: Best possible score for all sequences
 Field 2: Best possible score for group alignment
 Fields 3 -> 12: Cross validation score for the sequence against the group

    405.515 ..    352.389 ...      0.000   161.826    38.862   238.018

 Field 1: Alignment Position or Index
 Field 2: Entropy at Position for all sequences
 Field 3: Consensus Sequence for the entire alignment
 Field 4: Consensus Sequence for the group alignment
 Field 5: Cross Entropy at Position for group (total)
 Field 6: Cross Entropy at Position for group ( p(i))
 Field 7: Cross Entropy at Position for not-group (q(i))
 Fields 8 -> 17: Total cross entropy for the group at the position a
                 sequence removed from the group

      1     3.221 m  a     0.011     0.005     0.005     3.939     3.939     3.939     3.939
      2     1.160 r  n     4.948     2.180     2.767    13.489     5.488     5.488     5.488
      3     0.673 t  v     3.265     1.655     1.610     3.767     9.944     3.767     3.767
      4     0.922 l  s     3.329     1.889     1.440     8.687     4.001     2.667     2.667
      5     2.293 w  g    13.213     4.289     8.924    16.300    16.380    12.775    12.775
      6     0.903 i  p     5.260     2.411     2.849     7.000     7.000     5.710     5.710
     12     1.134 m  l     3.693     1.862     1.831     8.693     8.693     8.693     8.693
     13     1.227 a  t     1.058     0.587     0.471     2.197     2.197     1.290     1.290
     14     1.255 v  a     2.432     1.300     1.132    11.243     2.814     2.814     2.814
     15     1.872 c  v     2.112     0.932     1.180     2.604     2.604     2.898     2.898
     16     0.905 c  c     6.174     3.134     3.040     9.976     6.433     6.115     6.115
     22     1.478 v  g     0.043     0.021     0.022     3.658     0.358     0.358     0.358
     23     1.037 g  q     4.201     1.944     2.257     9.996     5.170     5.170     5.170
     33     1.174 v  m     1.451     0.821     0.630     2.143     1.821     2.143     1.577
     34     0.858 e  p     0.930     0.519     0.411     1.480     0.915     1.332     1.332
     38     1.087 g  r     3.974     2.477     1.497     9.858     5.021     3.271     3.271
     39     0.526 h  a     0.536     0.236     0.300     0.498     1.410     0.498     0.751
     40     1.233 l  g     1.556     0.930     0.627     2.350     2.350     1.289     2.132
     41     1.201 w  r     1.348     0.651     0.697     2.478     1.874     1.066     2.279
     42     1.548 q  r     0.048     0.023     0.025     3.743     0.375     0.375     0.375
     43     2.545 f  f     0.360     0.154     0.206     3.520     3.520     3.520     3.520
     44     1.012 g  r     1.623     1.012     0.612     2.414     1.824     1.425     2.414
     45     0.386 q  y     1.475     0.833     0.642     2.219     1.970     0.731     1.808
     46     3.221 m  a     0.011     0.005     0.005     3.939     3.939     3.939     3.939
     47     1.610 i  v     0.433     0.223     0.210     1.234     3.890     1.234     1.234
     48     0.583 w  e     3.071     1.321     1.750     5.120     2.841     2.999     2.588
     49     1.053 c  c     9.022     5.453     3.569    24.740    11.137    11.137    11.137
     50     0.523 v  t     1.623     0.644     0.979     3.027     2.201     1.484     1.484
     51     0.883 t  q     2.615     1.421     1.193     5.856     3.669     2.110     2.110
     52     1.603 g  p     3.416     2.113     1.303    15.050     3.835     3.835     3.835
     53     0.862 k  g     2.085     1.110     0.975     3.881     2.031     1.771     1.582
     54     0.233 r  r     3.239     1.803     1.436     3.732     3.732     4.033     4.033
     55     0.463 p  d     2.028     0.917     1.111     2.345     2.200     2.056     1.845
     56     0.385 w  w     4.911     2.596     2.314     5.145     4.316     5.877     5.197
     57     0.679 w  i     2.827     1.455     1.371     2.896     4.813     2.654     2.790
     58     0.465 w  m     2.437     0.915     1.522     3.214     2.353     2.116     2.747
     59     3.016 y  f     0.449     0.246     0.203     1.224     3.493     1.224     1.224
     60     0.618 g  n     0.637     0.362     0.275     1.730     1.463     0.353     0.353
     61     0.285 f  d     1.912     1.015     0.898     4.235     2.205     1.714     1.714
     62     3.689 y  a     0.005     0.003     0.002     3.493     3.493     3.493     3.493
     63     2.564 g  a     0.006     0.003     0.003     3.556     3.556     3.556     3.556
     64     4.933 c  p     0.003     0.001     0.001     3.339     3.339     3.339     3.339
     65     2.009 y  h     1.342     0.853     0.489     1.196     2.853     1.196     2.853
     66     4.933 c  p     0.003     0.001     0.001     3.339     3.339     3.339     3.339
     67     2.564 g  a     0.006     0.003     0.003     3.556     3.556     3.556     3.556
     68     0.957 w  l     3.444     1.229     2.215     5.149     5.919     2.951     2.951
     69     2.564 g  a     0.006     0.003     0.003     3.556     3.556     3.556     3.556
     70     2.564 g  a     0.006     0.003     0.003     3.556     3.556     3.556     3.556
     71     0.720 k  s     1.079     0.458     0.621     1.873     1.587     1.047     1.047
     72     2.564 g  a     0.006     0.003     0.003     3.556     3.556     3.556     3.556
     73     0.500 t  t     2.145     0.917     1.228     6.850     2.511     2.511     2.511
     74     1.973 p  p     0.252     0.116     0.136     3.311     3.311     3.311     3.311
     75     0.628 k  v     2.692     1.528     1.165    11.502     2.903     2.903     2.903
     76     2.449 d  a     0.010     0.005     0.005     3.893     3.893     3.893     3.893
     77     0.836 a  d     2.253     1.312     0.940     9.987     2.466     2.466     2.466
     78     0.803 t  l     3.331     2.108     1.223    15.064     3.737     3.737     3.737
     79     2.449 d  a     0.010     0.005     0.005     3.893     3.893     3.893     3.893
     80     2.135 r  w     1.233     0.860     0.373     3.692     2.753     2.753     2.753
     81     4.933 c  p     0.003     0.001     0.001     3.339     3.339     3.339     3.339
     82     4.933 c  p     0.003     0.001     0.001     3.339     3.339     3.339     3.339
     83     1.137 f  k     9.330     3.832     5.498    12.845    11.406     8.828     8.828
     84     1.577 v  t     0.580     0.326     0.253     3.720     1.470     1.470     1.470
     85     3.591 h  a     0.008     0.004     0.004     3.703     3.703     3.703     3.703
     86     1.622 d  d     0.406     0.169     0.237     3.659     3.659     3.659     3.659
     87     2.621 c  d     4.383     2.759     1.624    13.354     5.383     3.453     3.453
     88     4.933 c  p     0.003     0.001     0.001     3.339     3.339     3.339     3.339
     89     3.689 y  a     0.005     0.003     0.002     3.493     3.493     3.493     3.493
     90     1.212 g  n     0.396     0.214     0.182     0.448     0.782     0.949     0.782
     91     0.486 k  a     1.891     0.902     0.989     3.356     2.563     1.698     1.698
     92     0.525 l  q     2.223     1.156     1.068     4.428     2.084     1.881     1.812
     96     0.595 p  e     1.203     0.541     0.661     1.634     2.178     1.117     1.117
     99     0.644 d  r     1.266     0.670     0.597     2.520     1.270     1.424     1.424
    100     4.933 c  p     0.003     0.001     0.001     3.339     3.339     3.339     3.339
    101     0.560 w  w     2.797     1.718     1.080     4.485     2.042     3.429     3.429
    110     1.459 p  t     0.287     0.159     0.128     3.336     0.781     0.781     0.781
    111     1.747 k  y     3.517     2.645     0.872     7.185     3.208     7.185     3.208
    112     0.607 f  f     5.334     3.281     2.053     5.905     5.905    19.458     5.905
    113     0.388 d  i     4.966     2.461     2.505     5.872     7.583     4.735     4.735
    114     0.543 r  i     2.464     1.027     1.438     2.479     2.479     3.548     3.159
    115     3.689 y  a     0.005     0.003     0.002     3.493     3.493     3.493     3.493
    116     0.523 w  w     1.987     1.286     0.701     2.786     3.200     0.846     2.266
    117     3.016 y  f     0.449     0.246     0.203     3.493     1.224     1.224     1.224
    118     0.487 h  e     1.202     0.597     0.605     2.301     1.699     1.060     1.060
    119     1.421 c  c     7.005     3.954     3.051    21.244     8.233     8.233     8.233
    120     0.570 e  w     3.461     1.609     1.853     9.306     4.043     4.043     4.043
    121     0.586 n  q     3.426     1.384     2.042     3.446     3.510     3.523     3.667
    122     1.216 g  r     1.329     0.884     0.445     2.788     2.788     1.177     1.177
    123     0.283 d  r     2.445     1.307     1.138     2.799     3.198     2.024     2.312
    124     1.148 i  l     1.609     0.765     0.844     3.374     2.021     1.508     1.508
    125     0.692 v  t     3.939     1.851     2.088     9.939     4.692     4.692     4.692
    126     4.933 c  p     0.003     0.001     0.001     3.339     3.339     3.339     3.339
    127     1.050 g  k     4.291     1.992     2.298     5.365     9.996     5.365     5.365
    128     0.452 k  a     2.802     1.336     1.466     3.869     3.618     2.711     2.711
    130     0.771 n  q     1.122     0.524     0.597     4.452     1.595     1.595     1.595
    131     0.671 n  n     1.310     0.708     0.602     5.936     1.426     1.426     1.426
    132     0.423 p  k     2.773     1.299     1.474     4.266     4.255     2.341     2.341
    133     4.933 c  p     0.003     0.001     0.001     3.339     3.339     3.339     3.339
    134     0.337 k  r     1.633     0.746     0.887     1.392     1.861     1.933     1.958
    135     0.683 k  a     1.159     0.608     0.551     2.001     1.119     1.119     2.001
    136     0.457 q  a     1.535     0.796     0.738     7.316     1.627     1.627     1.627
    137     0.590 v  a     1.374     0.656     0.718     2.391     3.035     1.035     1.035
    138     4.933 c  p     0.003     0.001     0.001     3.339     3.339     3.339     3.339
    139     1.220 e  q     0.895     0.447     0.447     1.161     1.337     1.245     1.245
    140     4.933 c  p     0.003     0.001     0.001     3.339     3.339     3.339     3.339
    141     2.449 d  a     0.010     0.005     0.005     3.893     3.893     3.893     3.893
    142     1.741 r  w     0.259     0.128     0.131     4.379     0.468     0.468     0.468
    143     1.215 a  l     0.894     0.557     0.337     2.111     3.879     2.111     2.111
    144     1.273 a  a     0.784     0.244     0.540     4.290     4.290     4.290     4.290
    145     2.032 a  r     0.010     0.005     0.005     3.879     3.879     3.879     3.879
    146     0.785 h  h     3.120     1.926     1.194     4.192     7.892     2.384     2.384
    147     4.933 c  p     0.003     0.001     0.001     3.339     3.339     3.339     3.339
    148     2.261 f  f     1.015     0.416     0.599     4.397     4.397     4.397     4.397
    149     0.886 r  a     5.500     2.486     3.014    10.912    10.912    10.912    10.912
    150     0.564 q  r     1.803     0.948     0.854     1.455     2.713     3.614     1.455
    151     0.815 n  v     2.516     1.291     1.224     5.668     2.315     2.315     2.824
    154     0.747 t  k     3.639     1.640     1.999     5.547     4.690     3.331     3.331
    155     3.689 y  a     0.005     0.003     0.002     3.493     3.493     3.493     3.493
    156     0.632 n  s     0.752     0.359     0.392     4.000     1.066     1.066     1.066
    158     0.526 k  p     3.357     1.689     1.668     4.405     5.970     2.946     2.946
    159     0.358 k  e     1.303     0.688     0.615     2.692     2.259     0.930     0.930
    160     2.222 y  h     1.830     1.147     0.682     3.825     3.825     1.556     1.556
    161     0.628 w  n     2.686     1.003     1.683     3.588     3.371     2.642     2.642
    162     0.703 y  i     1.451     0.697     0.754     2.782     1.292     1.244     1.800
    163     1.225 y  d     2.694     1.466     1.227     6.378     2.562     2.235     2.266
    164     0.592 p  d     2.993     1.305     1.688     3.758     3.758     3.451     3.451
    165     0.402 q  q     1.400     0.731     0.669     2.392     2.332     1.125     1.125
    166     0.378 k  k     3.337     1.757     1.580     3.642    11.567     3.642     3.642
    167     0.491 h  f     1.718     0.868     0.850     1.940     2.877     1.949     1.949
    168     4.933 c  p     0.003     0.001     0.001     3.339     3.339     3.339     3.339
    169     0.886 k  e     1.987     1.128     0.859     4.708     2.546     1.551     1.551
