
 PA2                                                                   

 Group:    2 ... two                           

 Field 1: Entropy for all aligned sequences
 Field 2: Cross Entropy for group (total) alignment
 Field 3: Cross Entropy component for group ( p(i))
 Field 4: Cross Entropy component for not-group (q(i))
 Fields 5 -> 14: Total cross entropy for the group with a sequence
                 removed from the group

    208.086 ..   1863.775   831.947  1031.828 ...      0.000   475.592   631.236

 Field 1: Best possible score for all sequences
 Field 2: Best possible score for group alignment
 Fields 3 -> 12: Cross validation score for the sequence against the group

    405.515 ..    236.845 ...      0.000   161.826    38.862

 Field 1: Alignment Position or Index
 Field 2: Entropy at Position for all sequences
 Field 3: Consensus Sequence for the entire alignment
 Field 4: Consensus Sequence for the group alignment
 Field 5: Cross Entropy at Position for group (total)
 Field 6: Cross Entropy at Position for group ( p(i))
 Field 7: Cross Entropy at Position for not-group (q(i))
 Fields 8 -> 17: Total cross entropy for the group at the position a
                 sequence removed from the group

      1     3.221 m  a     0.102     0.052     0.050     1.751     1.751     1.751
      2     1.160 r  r     1.617     0.703     0.914     2.581     2.581     2.581
      3     0.673 t  a     1.213     0.522     0.690     1.195     1.195     2.623
      4     0.922 l  l     1.473     0.587     0.886     2.612     2.612     2.612
      5     2.293 w  w     3.185     1.193     1.991     4.825     4.825     4.825
      6     0.903 i  i     1.802     0.751     1.051     2.840     2.840     2.840
     12     1.134 m  v     1.267     0.563     0.704     3.862     1.006     1.006
     13     1.227 a  a     0.396     0.166     0.231     1.419     1.419     1.419
     14     1.255 v  v     0.975     0.417     0.558     1.999     1.999     1.999
     15     1.872 c  l     0.940     0.477     0.463     0.578     6.826     0.578
     16     0.905 c  l     2.390     0.899     1.491     3.648     3.648     3.648
     22     1.478 v  a     0.036     0.018     0.018     0.109     1.307     0.109
     23     1.037 g  g     1.454     0.665     0.789     2.442     2.442     2.442
     33     1.174 v  v     0.600     0.249     0.352     1.548     1.548     1.548
     34     0.858 e  e     0.908     0.416     0.492     1.758     1.758     1.758
     38     1.087 g  g     1.931     0.647     1.285     3.169     3.169     3.169
     39     0.526 h  d     0.719     0.333     0.385     1.961     0.754     0.754
     40     1.233 l  l     0.687     0.269     0.418     1.660     1.660     1.660
     41     1.201 w  w     0.746     0.328     0.418     1.679     1.412     1.523
     42     1.548 q  e     0.621     0.301     0.320     3.280     0.379     0.379
     43     2.545 f  l     1.022     0.593     0.429     1.767     1.767     1.327
     44     1.012 g  g     1.415     0.555     0.860     2.477     2.477     2.477
     45     0.386 q  m     2.317     1.178     1.139     3.521     1.857     2.521
     46     3.221 m  a     0.102     0.052     0.050     1.751     1.751     1.751
     47     1.610 i  i     0.074     0.035     0.039     1.122     1.122     1.122
     48     0.583 w  w     4.020     2.522     1.498     5.169     5.169     3.836
     49     1.053 c  g     4.521     1.500     3.022     5.157     4.545     4.741
     50     0.523 v  e     4.929     2.730     2.199     6.977     6.977     6.977
     51     0.883 t  t     1.115     0.447     0.668     2.071     2.071     2.071
     52     1.603 g  g     1.644     0.556     1.088     2.836     2.836     2.836
     53     0.862 k  k     1.346     0.640     0.706     2.259     2.259     2.259
     54     0.233 r  n     2.372     1.217     1.155     4.458     2.359     2.359
     55     0.463 p  p     3.748     2.296     1.452     5.431     5.431     5.431
     56     0.385 w  f     3.006     1.461     1.545     2.832     3.034     4.334
     57     0.679 w  p     4.898     1.961     2.938     4.829     5.468     5.084
     58     0.465 w  y     2.056     1.043     1.012     1.202     3.063     2.927
     59     3.016 y  y     0.119     0.055     0.064     1.081     1.081     1.081
     60     0.618 g  t     0.728     0.368     0.360     0.610     0.767     1.437
     61     0.285 f  l     1.666     0.808     0.858     2.920     2.139     1.392
     62     3.689 y  a     0.047     0.024     0.022     1.320     1.320     1.320
     63     2.564 g  a     0.055     0.028     0.027     1.381     1.381     1.381
     64     4.933 c  a     0.025     0.013     0.012     1.169     1.169     1.169
     65     2.009 y  n     0.946     0.433     0.513     1.267     1.267     2.135
     66     4.933 c  a     0.025     0.013     0.012     1.169     1.169     1.169
     67     2.564 g  a     0.055     0.028     0.027     1.381     1.381     1.381
     68     0.957 w  v     1.477     0.661     0.816     5.059     1.463     1.463
     69     2.564 g  a     0.055     0.028     0.027     1.381     1.381     1.381
     70     2.564 g  a     0.055     0.028     0.027     1.381     1.381     1.381
     71     0.720 k  r     0.255     0.123     0.133     0.648     0.585     0.331
     72     2.564 g  a     0.055     0.028     0.027     1.381     1.381     1.381
     73     0.500 t  e     1.700     0.908     0.792     1.582     3.150     1.253
     74     1.973 p  p     0.116     0.053     0.063     1.100     1.100     1.100
     75     0.628 k  l     2.139     0.956     1.183     2.089     2.089     4.593
     76     2.449 d  a     0.097     0.049     0.048     1.707     1.707     1.707
     77     0.836 a  a     1.473     0.635     0.838     2.462     2.462     2.462
     78     0.803 t  t     1.991     0.766     1.225     3.088     3.088     3.088
     79     2.449 d  a     0.097     0.049     0.048     1.707     1.707     1.707
     80     2.135 r  r     0.612     0.185     0.428     1.829     1.829     1.829
     81     4.933 c  a     0.025     0.013     0.012     1.169     1.169     1.169
     82     4.933 c  a     0.025     0.013     0.012     1.169     1.169     1.169
     83     1.137 f  f     2.892     1.106     1.786     4.384     4.384     4.384
     84     1.577 v  v     0.184     0.077     0.107     1.232     1.232     1.232
     85     3.591 h  a     0.074     0.038     0.036     1.525     1.525     1.525
     86     1.622 d  k     1.184     0.673     0.511     1.940     1.940     1.707
     87     2.621 c  c     2.145     0.705     1.440     3.454     3.454     3.454
     88     4.933 c  a     0.025     0.013     0.012     1.169     1.169     1.169
     89     3.689 y  a     0.047     0.024     0.022     1.320     1.320     1.320
     90     1.212 g  k     0.158     0.074     0.084     0.366     0.366     1.623
     91     0.486 k  n     1.225     0.621     0.605     1.015     3.153     1.015
     92     0.525 l  l     2.652     1.325     1.327     4.071     4.071     4.071
     96     0.595 p  t     0.597     0.295     0.302     0.427     2.809     0.427
     99     0.644 d  n     1.181     0.566     0.615     2.544     1.090     1.090
    100     4.933 c  a     0.025     0.013     0.012     1.169     1.169     1.169
    101     0.560 w  k     1.390     0.518     0.872     1.031     2.270     1.785
    110     1.459 p  s     0.387     0.206     0.181     0.673     0.673     1.212
    111     1.747 k  k     1.969     0.459     1.510     3.322     3.322     3.322
    112     0.607 f  k     3.047     1.165     1.882     3.237     3.237     4.462
    113     0.388 d  d     3.100     1.413     1.688     4.446     4.446     4.446
    114     0.543 r  r     5.168     2.989     2.178     7.468     7.468     7.468
    115     3.689 y  a     0.047     0.024     0.022     1.320     1.320     1.320
    116     0.523 w  s     1.247     0.419     0.828     1.274     2.923     1.274
    117     3.016 y  y     0.119     0.055     0.064     1.081     1.081     1.081
    118     0.487 h  h     1.597     0.915     0.682     3.159     1.134     1.508
    119     1.421 c  w     7.498     3.854     3.644     7.762     7.762    11.310
    120     0.570 e  k     1.157     0.530     0.627     1.202     1.202     2.733
    121     0.586 n  n     1.203     0.619     0.584     1.891     1.891     1.891
    122     1.216 g  k     0.873     0.392     0.481     1.099     1.099     2.510
    123     0.283 d  v     2.677     1.342     1.335     4.305     2.758     2.758
    124     1.148 i  i     0.540     0.268     0.272     1.293     1.293     1.293
    125     0.692 v  i     1.471     0.682     0.789     2.765     1.480     1.480
    126     4.933 c  a     0.025     0.013     0.012     1.169     1.169     1.169
    127     1.050 g  g     1.493     0.682     0.812     2.504     2.504     2.504
    128     0.452 k  k     2.486     1.384     1.102     6.493     1.915     1.915
    130     0.771 n  g     1.739     1.004     0.735     1.120     1.120     6.167
    131     0.671 n  t     2.933     1.390     1.543     2.625     2.625     5.875
    132     0.423 p  p     2.770     1.447     1.323     2.256     6.400     2.256
    133     4.933 c  a     0.025     0.013     0.012     1.169     1.169     1.169
    134     0.337 k  m     2.139     1.186     0.954     1.823     1.823     5.086
    135     0.683 k  q     1.073     0.576     0.497     2.107     1.054     0.821
    136     0.457 q  r     1.483     0.764     0.718     1.863     1.054     2.210
    137     0.590 v  m     1.751     0.985     0.765     1.674     1.674     3.278
    138     4.933 c  a     0.025     0.013     0.012     1.169     1.169     1.169
    139     1.220 e  e     0.270     0.131     0.139     1.103     1.103     1.103
    140     4.933 c  a     0.025     0.013     0.012     1.169     1.169     1.169
    141     2.449 d  a     0.097     0.049     0.048     1.707     1.707     1.707
    142     1.741 r  d     0.301     0.143     0.158     0.145     2.648     0.145
    143     1.215 a  a     0.367     0.133     0.234     1.549     1.549     1.549
    144     1.273 a  f     1.824     1.217     0.607     2.980     2.980     1.694
    145     2.032 a  d     0.095     0.048     0.047     1.694     1.694     1.694
    146     0.785 h  v     1.644     0.602     1.041     2.969     1.705     1.705
    147     4.933 c  a     0.025     0.013     0.012     1.169     1.169     1.169
    148     2.261 f  m     0.161     0.082     0.079     0.513     0.513     1.206
    149     0.886 r  r     3.434     1.551     1.883     5.045     5.045     5.045
    150     0.564 q  e     1.520     0.761     0.759     1.339     3.775     1.339
    151     0.815 n  n     0.991     0.431     0.561     1.918     1.918     1.918
    154     0.747 t  t     1.316     0.623     0.692     2.160     2.160     2.160
    155     3.689 y  a     0.047     0.024     0.022     1.320     1.320     1.320
    156     0.632 n  k     0.628     0.333     0.295     1.331     0.870     0.870
    158     0.526 k  y     2.863     1.523     1.340     3.391     3.900     3.391
    159     0.358 k  i     2.391     1.203     1.188     2.925     2.061     3.178
    160     2.222 y  f     1.270     0.546     0.725     1.592     1.592     2.135
    161     0.628 w  m     2.854     1.503     1.352     4.901     2.876     2.876
    162     0.703 y  a     1.241     0.583     0.657     0.979     1.506     3.019
    163     1.225 y  h     1.423     0.726     0.697     1.658     1.658     2.754
    164     0.592 p  p     1.113     0.500     0.613     0.949     0.949     4.175
    165     0.402 q  d     1.455     0.762     0.693     1.173     1.173     4.042
    166     0.378 k  f     3.874     2.050     1.825     4.431     3.111     5.239
    167     0.491 h  s     1.399     0.604     0.796     1.348     1.348     3.521
    168     4.933 c  a     0.025     0.013     0.012     1.169     1.169     1.169
    169     0.886 k  k     1.600     0.738     0.862     2.622     2.622     2.622
